<?xml version="1.0" encoding="UTF-8"?>
<!-- Generated by org.testng.reporters.JUnitXMLReporter -->
<testsuite ignored="2" hostname="Debasis-pc" failures="0" tests="2" name="TestRunner1" time="69.393" errors="0" timestamp="2022-04-07T15:06:47 IST">
  <testcase classname="com.crm.vtiger.CreateContactTest" name="createContact" time="16.56"/>
  <testcase classname="com.crm.vtiger.CreateContactWithOrgTest" name="createOrgWithIndustryTest" time="30.962"/>
  <testcase classname="com.crm.genericUtility.BaseClass" name="@AfterSuite closeConnection" time="0.0">
    <ignored/>
  </testcase> <!-- @AfterSuite closeConnection -->
  <testcase classname="com.crm.genericUtility.BaseClass" name="@BeforeSuite openDatabase" time="0.0">
    <ignored/>
  </testcase> <!-- @BeforeSuite openDatabase -->
</testsuite> <!-- TestRunner1 -->
