<?xml version="1.0" encoding="UTF-8"?>
<!-- Generated by org.testng.reporters.JUnitXMLReporter -->
<testsuite ignored="2" hostname="Debasis-pc" failures="1" tests="2" name="TestRunner2" time="68.902" errors="0" timestamp="2022-04-07T15:06:47 IST">
  <testcase classname="com.crm.vtiger.CreateOrgTest" name="createOrgTest" time="16.859"/>
  <testcase classname="com.crm.vtiger.CreateOrgWithIndustryTest" name="createOrgWithIndustryTest" time="17.724">
    <failure type="java.lang.AssertionError" message="expected [  SDET260] but found [SDET260]">
      <![CDATA[java.lang.AssertionError: expected [  SDET260] but found [SDET260]
at com.crm.vtiger.CreateOrgWithIndustryTest.createOrgWithIndustryTest(CreateOrgWithIndustryTest.java:39)
at java.base/java.util.ArrayList.forEach(ArrayList.java:1511)
at java.base/java.util.concurrent.FutureTask.run(FutureTask.java:264)
at java.base/java.util.concurrent.ThreadPoolExecutor.runWorker(ThreadPoolExecutor.java:1130)
at java.base/java.util.concurrent.ThreadPoolExecutor$Worker.run(ThreadPoolExecutor.java:630)
at java.base/java.lang.Thread.run(Thread.java:831)
... Removed 24 stack frames]]>
    </failure>
  </testcase> <!-- createOrgWithIndustryTest -->
  <testcase classname="com.crm.genericUtility.BaseClass" name="@AfterSuite closeConnection" time="0.0">
    <ignored/>
  </testcase> <!-- @AfterSuite closeConnection -->
  <testcase classname="com.crm.genericUtility.BaseClass" name="@BeforeSuite openDatabase" time="0.0">
    <ignored/>
  </testcase> <!-- @BeforeSuite openDatabase -->
</testsuite> <!-- TestRunner2 -->
