<?xml version="1.0" encoding="UTF-8"?>
<!-- Generated by org.testng.reporters.JUnitXMLReporter -->
<testsuite hostname="Debasis-pc" ignored="6" name="Command line test" tests="4" failures="0" timestamp="12 Apr 2022 10:09:25 GMT" time="108.633" errors="0">
  <testcase name="createContact" time="13.124" classname="com.crm.vtiger.CreateContactTest"/>
  <testcase name="createOrgWithIndustryTest" time="25.668" classname="com.crm.vtiger.CreateContactWithOrgTest"/>
  <testcase name="createOrgTest" time="12.872" classname="com.crm.vtiger.CreateOrgTest"/>
  <testcase name="createOrgWithIndustryTest" time="17.769" classname="com.crm.vtiger.CreateOrgWithIndustryTest"/>
  <testcase name="@AfterSuite closeConnection" time="0.0" classname="com.crm.genericUtility.BaseClass">
    <ignored/>
  </testcase> <!-- @AfterSuite closeConnection -->
  <testcase name="@AfterSuite closeConnection" time="0.0" classname="com.crm.genericUtility.BaseClass">
    <ignored/>
  </testcase> <!-- @AfterSuite closeConnection -->
  <testcase name="@AfterSuite closeConnection" time="0.0" classname="com.crm.genericUtility.BaseClass">
    <ignored/>
  </testcase> <!-- @AfterSuite closeConnection -->
  <testcase name="@BeforeSuite openConnection" time="0.0" classname="com.crm.genericUtility.BaseClass">
    <ignored/>
  </testcase> <!-- @BeforeSuite openConnection -->
  <testcase name="@BeforeSuite openConnection" time="0.0" classname="com.crm.genericUtility.BaseClass">
    <ignored/>
  </testcase> <!-- @BeforeSuite openConnection -->
  <testcase name="@BeforeSuite openConnection" time="0.0" classname="com.crm.genericUtility.BaseClass">
    <ignored/>
  </testcase> <!-- @BeforeSuite openConnection -->
</testsuite> <!-- Command line test -->
