<?xml version="1.0" encoding="UTF-8"?>
<!-- Generated by org.testng.reporters.JUnitXMLReporter -->
<testsuite hostname="Debasis-pc" ignored="2" name="Test" tests="2" failures="0" timestamp="12 Apr 2022 10:11:11 GMT" time="49.639" errors="0">
  <testcase name="createOrgWithIndustryTest" time="16.767" classname="com.crm.vtiger.CreateOrgWithIndustryTest"/>
  <testcase name="createOrgTest" time="13.344" classname="com.crm.vtiger.CreateOrgTest"/>
  <testcase name="@AfterSuite closeConnection" time="0.0" classname="com.crm.genericUtility.BaseClass">
    <ignored/>
  </testcase> <!-- @AfterSuite closeConnection -->
  <testcase name="@BeforeSuite openConnection" time="0.0" classname="com.crm.genericUtility.BaseClass">
    <ignored/>
  </testcase> <!-- @BeforeSuite openConnection -->
</testsuite> <!-- Test -->
