<?xml version="1.0" encoding="UTF-8"?>
<testng-results ignored="0" total="1" passed="1" failed="0" skipped="0">
  <reporter-output>
    <line>
      <![CDATA[Excel opened sucessfully]]>
    </line>
    <line>
      <![CDATA[Testcase failed]]>
    </line>
    <line>
      <![CDATA[Excel closed successfully]]>
    </line>
  </reporter-output>
  <suite started-at="2022-04-12T13:28:40 IST" name="Suite" finished-at="2022-04-12T13:29:37 IST" duration-ms="57683">
    <groups>
    </groups>
    <test started-at="2022-04-12T13:28:40 IST" name="Test" finished-at="2022-04-12T13:29:37 IST" duration-ms="57683">
      <class name="com.crm.vtiger.CreateContactTest">
        <test-method is-config="true" signature="openConnection()[pri:0, instance:com.crm.vtiger.CreateContactTest@57cf54e1]" started-at="2022-04-12T13:28:39 IST" name="openConnection" finished-at="2022-04-12T13:28:40 IST" duration-ms="902" status="PASS">
          <reporter-output>
            <line>
              <![CDATA[Excel opened sucessfully]]>
            </line>
          </reporter-output>
        </test-method> <!-- openConnection -->
        <test-method is-config="true" signature="launchBrowser(java.lang.String)[pri:0, instance:com.crm.vtiger.CreateContactTest@57cf54e1]" started-at="2022-04-12T13:28:40 IST" name="launchBrowser" finished-at="2022-04-12T13:28:59 IST" duration-ms="19607" status="PASS">
          <params>
            <param index="0">
              <value>
                <![CDATA[chrome]]>
              </value>
            </param>
          </params>
          <reporter-output>
          </reporter-output>
        </test-method> <!-- launchBrowser -->
        <test-method is-config="true" signature="loginToApp()[pri:0, instance:com.crm.vtiger.CreateContactTest@57cf54e1]" started-at="2022-04-12T13:28:59 IST" name="loginToApp" finished-at="2022-04-12T13:29:07 IST" duration-ms="7909" status="PASS">
          <reporter-output>
          </reporter-output>
        </test-method> <!-- loginToApp -->
        <test-method signature="createContact()[pri:0, instance:com.crm.vtiger.CreateContactTest@57cf54e1]" started-at="2022-04-12T13:29:07 IST" name="createContact" finished-at="2022-04-12T13:29:35 IST" duration-ms="27374" status="PASS">
          <reporter-output>
            <line>
              <![CDATA[Testcase failed]]>
            </line>
          </reporter-output>
        </test-method> <!-- createContact -->
        <test-method is-config="true" signature="logoutFromApp()[pri:0, instance:com.crm.vtiger.CreateContactTest@57cf54e1]" started-at="2022-04-12T13:29:35 IST" name="logoutFromApp" finished-at="2022-04-12T13:29:37 IST" duration-ms="2421" status="PASS">
          <reporter-output>
          </reporter-output>
        </test-method> <!-- logoutFromApp -->
        <test-method is-config="true" signature="closeBrowser()[pri:0, instance:com.crm.vtiger.CreateContactTest@57cf54e1]" started-at="2022-04-12T13:29:37 IST" name="closeBrowser" finished-at="2022-04-12T13:29:37 IST" duration-ms="319" status="PASS">
          <reporter-output>
          </reporter-output>
        </test-method> <!-- closeBrowser -->
        <test-method is-config="true" signature="closeConnection()[pri:0, instance:com.crm.vtiger.CreateContactTest@57cf54e1]" started-at="2022-04-12T13:29:38 IST" name="closeConnection" finished-at="2022-04-12T13:29:38 IST" duration-ms="12" status="PASS">
          <reporter-output>
            <line>
              <![CDATA[Excel closed successfully]]>
            </line>
          </reporter-output>
        </test-method> <!-- closeConnection -->
      </class> <!-- com.crm.vtiger.CreateContactTest -->
    </test> <!-- Test -->
  </suite> <!-- Suite -->
</testng-results>
