<?xml version="1.0" encoding="UTF-8"?>
<!-- Generated by org.testng.reporters.JUnitReportReporter -->
<testsuite hostname="Debasis-pc" failures="0" tests="2" name="testNG.PracticeTest1" time="0.004" errors="0" timestamp="2022-04-06T18:09:02 IST" skipped="0">
  <testcase classname="testNG.PracticeTest1" name="Test1" time="0.002"/>
  <system-out>
    <![CDATA[This is 1st test method from PracticeTest1]]>
  </system-out>
  <testcase classname="testNG.PracticeTest1" name="Test2" time="0.002"/>
  <system-out>
    <![CDATA[This is 2nd test method from PracticeTest1]]>
  </system-out>
</testsuite> <!-- testNG.PracticeTest1 -->
